0 info it worked if it ends with ok
1 verbose cli [ 'C:\\node.exe',
1 verbose cli   'C:\\Users\\Administrator\\AppData\\Roaming\\npm\\node_modules\\npm\\bin\\npm-cli.js',
1 verbose cli   'run',
1 verbose cli   'dev' ]
2 info using npm@3.0.0
3 info using node@v4.4.4
4 verbose config Skipping project config: C:\Users\Administrator/.npmrc. (matches userconfig)
5 verbose stack Error: ENOENT: no such file or directory, open 'C:\Users\Administrator\package.json'
5 verbose stack     at Error (native)
6 verbose cwd C:\Users\Administrator\Desktop\vue
7 error Windows_NT 6.1.7601
8 error argv "C:\\node.exe" "C:\\Users\\Administrator\\AppData\\Roaming\\npm\\node_modules\\npm\\bin\\npm-cli.js" "run" "dev"
9 error node v4.4.4
10 error npm  v3.0.0
11 error path C:\Users\Administrator\package.json
12 error code ENOENT
13 error errno -4058
14 error syscall open
15 error enoent ENOENT: no such file or directory, open 'C:\Users\Administrator\package.json'
15 error enoent This is most likely not a problem with npm itself
15 error enoent and is related to npm not being able to find a file.
16 verbose exit [ -4058, true ]
